<?xml version="1.0" encoding="UTF-8"?>
<!-- Generated by org.testng.reporters.JUnitXMLReporter -->
<testsuite ignored="0" hostname="DESKTOP-HFH5HQ6" failures="0" tests="3" name="Run on CHROME" time="18.598" errors="0" timestamp="03 Oct 2022 13:45:10 GMT">
  <testcase classname="com.nopcommerce.user.Level_20_Manage_Data_Part_4" name="User_01_Register" time="9.607"/>
  <testcase classname="com.nopcommerce.user.Level_20_Manage_Data_Part_4" name="User_02_Login" time="2.672"/>
  <testcase classname="com.nopcommerce.user.Level_20_Manage_Data_Part_4" name="User_03_My_Account" time="0.816"/>
</testsuite> <!-- Run on CHROME -->
