<?xml version="1.0" encoding="UTF-8"?>
<testsuite name="Run on CHROME"
           tests="3"
           failures="0"
           errors="0"
           skipped="0"
           time="20.457">
  <properties />
  
  
            <testcase name="User_02_Login" time="6.079" classname="com.nopcommerce.user.Level_20_Manage_Data_Part_4" />
                <testcase name="User_01_Register" time="13.371" classname="com.nopcommerce.user.Level_20_Manage_Data_Part_4" />
                <testcase name="User_03_My_Account" time="1.007" classname="com.nopcommerce.user.Level_20_Manage_Data_Part_4" />
      
</testsuite>
