<?xml version="1.0" encoding="UTF-8"?>
<testng-results ignored="0" total="3" passed="3" failed="0" skipped="0">
  <reporter-output>
    <line>
      <![CDATA[ [2022-10-03 20:45:09,283] OS name = windows 10
<br>]]>
    </line>
    <line>
      <![CDATA[ [2022-10-03 20:45:09,388] Driver instance name = chromedriver: chrome on windows (bdf15bdbe6d09a951099905e67044845)
<br>]]>
    </line>
  </reporter-output>
  <suite started-at="2022-10-03T13:44:51Z" name="NopCommerce User" finished-at="2022-10-03T13:45:10Z" duration-ms="18598">
    <groups>
    </groups>
    <test started-at="2022-10-03T13:44:51Z" name="Run on CHROME" finished-at="2022-10-03T13:45:10Z" duration-ms="18598">
      <class name="com.nopcommerce.user.Level_20_Manage_Data_Part_4">
        <test-method is-config="true" signature="initBeforeSuite()[pri:0, instance:com.nopcommerce.user.Level_20_Manage_Data_Part_4@22a0d4ea]" started-at="2022-10-03T13:44:51Z" name="initBeforeSuite" finished-at="2022-10-03T13:44:51Z" duration-ms="49" status="PASS">
          <reporter-output>
          </reporter-output>
        </test-method> <!-- initBeforeSuite -->
        <test-method is-config="true" signature="beforeClass(java.lang.String)[pri:0, instance:com.nopcommerce.user.Level_20_Manage_Data_Part_4@22a0d4ea]" started-at="2022-10-03T13:44:51Z" name="beforeClass" finished-at="2022-10-03T13:44:56Z" duration-ms="4322" status="PASS">
          <params>
            <param index="0">
              <value>
                <![CDATA[chrome]]>
              </value>
            </param>
          </params>
          <reporter-output>
          </reporter-output>
        </test-method> <!-- beforeClass -->
        <test-method signature="User_01_Register(java.lang.reflect.Method)[pri:0, instance:com.nopcommerce.user.Level_20_Manage_Data_Part_4@22a0d4ea]" started-at="2022-10-03T13:44:56Z" name="User_01_Register" finished-at="2022-10-03T13:45:05Z" duration-ms="9607" status="PASS">
          <params>
            <param index="0">
              <value>
                <![CDATA[public void com.nopcommerce.user.Level_20_Manage_Data_Part_4.User_01_Register(java.lang.reflect.Method)]]>
              </value>
            </param>
          </params>
          <reporter-output>
          </reporter-output>
        </test-method> <!-- User_01_Register -->
        <test-method signature="User_02_Login(java.lang.reflect.Method)[pri:0, instance:com.nopcommerce.user.Level_20_Manage_Data_Part_4@22a0d4ea]" started-at="2022-10-03T13:45:05Z" name="User_02_Login" finished-at="2022-10-03T13:45:08Z" duration-ms="2672" status="PASS">
          <params>
            <param index="0">
              <value>
                <![CDATA[public void com.nopcommerce.user.Level_20_Manage_Data_Part_4.User_02_Login(java.lang.reflect.Method)]]>
              </value>
            </param>
          </params>
          <reporter-output>
          </reporter-output>
        </test-method> <!-- User_02_Login -->
        <test-method signature="User_03_My_Account(java.lang.reflect.Method)[pri:0, instance:com.nopcommerce.user.Level_20_Manage_Data_Part_4@22a0d4ea]" started-at="2022-10-03T13:45:08Z" name="User_03_My_Account" finished-at="2022-10-03T13:45:09Z" duration-ms="816" status="PASS">
          <params>
            <param index="0">
              <value>
                <![CDATA[public void com.nopcommerce.user.Level_20_Manage_Data_Part_4.User_03_My_Account(java.lang.reflect.Method)]]>
              </value>
            </param>
          </params>
          <reporter-output>
          </reporter-output>
        </test-method> <!-- User_03_My_Account -->
        <test-method is-config="true" signature="afterClass()[pri:0, instance:com.nopcommerce.user.Level_20_Manage_Data_Part_4@22a0d4ea]" started-at="2022-10-03T13:45:09Z" name="afterClass" finished-at="2022-10-03T13:45:10Z" duration-ms="1082" status="PASS">
          <reporter-output>
            <line>
              <![CDATA[ [2022-10-03 20:45:09,283] OS name = windows 10
<br>]]>
            </line>
            <line>
              <![CDATA[ [2022-10-03 20:45:09,388] Driver instance name = chromedriver: chrome on windows (bdf15bdbe6d09a951099905e67044845)
<br>]]>
            </line>
          </reporter-output>
        </test-method> <!-- afterClass -->
      </class> <!-- com.nopcommerce.user.Level_20_Manage_Data_Part_4 -->
    </test> <!-- Run on CHROME -->
  </suite> <!-- NopCommerce User -->
</testng-results>
